<?xml version="1.0" encoding="UTF-8"?>
<testsuite name="org.example.CarCollectionTest" tests="2" skipped="0" failures="0" errors="0" timestamp="2022-10-10T05:10:56" hostname="KOS-NOTEBOOK" time="0.074">
  <properties/>
  <testcase name="testForEach()" classname="org.example.CarCollectionTest" time="0.06"/>
  <testcase name="contains()" classname="org.example.CarCollectionTest" time="0.011"/>
  <system-out><![CDATA[]]></system-out>
  <system-err><![CDATA[]]></system-err>
</testsuite>
