<?xml version="1.0" encoding="UTF-8"?>
<testsuite name="org.example.CustomSetTest" tests="4" skipped="0" failures="0" errors="0" timestamp="2022-10-11T06:53:53" hostname="KOS-NOTEBOOK" time="0.09">
  <properties/>
  <testcase name="whenAddedEqualsElementsThenAddedOnlyOne()" classname="org.example.CustomSetTest" time="0.071"/>
  <testcase name="whenAdded100ElementsThenSizeMustBe100()" classname="org.example.CustomSetTest" time="0.003"/>
  <testcase name="whenRemoveElementThenSizeMustBeDecreased()" classname="org.example.CustomSetTest" time="0.005"/>
  <testcase name="whenListIsClearedThenSizeIs0()" classname="org.example.CustomSetTest" time="0.003"/>
  <system-out><![CDATA[]]></system-out>
  <system-err><![CDATA[]]></system-err>
</testsuite>
