<?xml version="1.0" encoding="UTF-8"?>
<testsuite name="org.example.CarCollectionTest" tests="1" skipped="0" failures="0" errors="0" timestamp="2022-10-09T14:22:24" hostname="KOS-PC" time="0.031">
  <properties/>
  <testcase name="contains()" classname="org.example.CarCollectionTest" time="0.031"/>
  <system-out><![CDATA[]]></system-out>
  <system-err><![CDATA[]]></system-err>
</testsuite>
