<?xml version="1.0" encoding="UTF-8"?>
<testsuite name="org.example.CarSetTest" tests="4" skipped="0" failures="0" errors="0" timestamp="2022-10-09T12:51:55" hostname="KOS-PC" time="0.036">
  <properties/>
  <testcase name="whenAddedEqualsElementsThenAddedOnlyOne()" classname="org.example.CarSetTest" time="0.028"/>
  <testcase name="whenAdded100ElementsThenSizeMustBe100()" classname="org.example.CarSetTest" time="0.002"/>
  <testcase name="whenRemoveElementThenSizeMustBeDecreased()" classname="org.example.CarSetTest" time="0.003"/>
  <testcase name="whenListIsClearedThenSizeIs0()" classname="org.example.CarSetTest" time="0.002"/>
  <system-out><![CDATA[]]></system-out>
  <system-err><![CDATA[]]></system-err>
</testsuite>
